
> my-app@0.0.0 build-storybook
> storybook build --output-dir=C:\Users\stephen\AppData\Local\Temp\chromatic--13912-aGGcrZGdfo0P


[90m┌[39m  Building storybook v10.1.2
[90m│[39m
[32m◇[39m  Cleaning outputDir:
[90m│[39m  [36mC:/Users/stephen/AppData/Local/Temp/chromatic--13912-aGGcrZGdfo0P[39m
[90m│[39m
[32m◇[39m  Loading presets
[90m│[39m
[32m◇[39m  Building manager..
[90m│[39m
[34m●[39m  Building preview..
[90m│[39m  [43mVite[49m [36mvite v7.2.6 [32mbuilding client environment for production...[36m[39m
[90m│[39m  [43mVite[49m transforming...
[90m│[39m  [43mVite[49m [32m✓[39m 192 modules transformed.
[90m│[39m  [43mVite[49m rendering chunks...
[90m│[39m  [43mVite[49m computing gzip size...
[90m│[39m  [43mVite[49m
[90m│[39m  [2mC:/Users/stephen/AppData/Local/Temp/chromatic--13912-aGGcrZGdfo0P/[22m[32miframe.html[39m[1m[2m[22m
[90m│[39m  [2m17.93 kB[22m[1m[22m[2m │ gzip:   5.06 kB[22m
[90m│[39m  [43mVite[49m
[90m│[39m  [2mC:/Users/stephen/AppData/Local/Temp/chromatic--13912-aGGcrZGdfo0P/[22m[35massets/Input-ByJe2OQj.css[39m[1m[2m[22m
[90m│[39m  [2m0.19 kB[22m[1m[22m[2m │ gzip:   0.16 kB[22m
[90m│[39m  [43mVite[49m
[90m│[39m  [2mC:/Users/stephen/AppData/Local/Temp/chromatic--13912-aGGcrZGdfo0P/[22m[35massets/Button-CElWAKzI.css[39m[1m[2m[22m
[90m│[39m  [2m0.71 kB[22m[1m[22m[2m │ gzip:   0.33 kB[22m
[90m│[39m  [43mVite[49m
[90m│[39m  [2mC:/Users/stephen/AppData/Local/Temp/chromatic--13912-aGGcrZGdfo0P/[22m[35massets/Task-tea6sZ7-.css[39m[1m[2m[22m
[90m│[39m  [2m0.72 kB[22m[1m[22m[2m │ gzip:   0.37 kB[22m
[90m│[39m  [43mVite[49m
[90m│[39m  [2mC:/Users/stephen/AppData/Local/Temp/chromatic--13912-aGGcrZGdfo0P/[22m[36massets/formatter-QJ4M4OGQ-DwujKHEI.js[39m[1m[2m[22m
[90m│[39m  [2m0.29 kB[22m[1m[22m[2m │ gzip:   0.24 kB[22m
[90m│[39m  [43mVite[49m
[90m│[39m  [2mC:/Users/stephen/AppData/Local/Temp/chromatic--13912-aGGcrZGdfo0P/[22m[36massets/index-CCfPZ9l9.js[39m[1m[2m[22m
[90m│[39m  [2m0.46 kB[22m[1m[22m[2m │ gzip:   0.30 kB[22m
[90m│[39m  [43mVite[49m
[90m│[39m  [2mC:/Users/stephen/AppData/Local/Temp/chromatic--13912-aGGcrZGdfo0P/[22m[36massets/jsx-runtime-u17CrQMm.js[39m[1m[2m[22m
[90m│[39m  [2m0.48 kB[22m[1m[22m[2m │ gzip:   0.31 kB[22m
[90m│[39m  [43mVite[49m
[90m│[39m  [2mC:/Users/stephen/AppData/Local/Temp/chromatic--13912-aGGcrZGdfo0P/[22m[36massets/preload-helper-PPVm8Dsz.js[39m[1m[2m[22m
[90m│[39m  [2m1.23 kB[22m[1m[22m[2m │ gzip:   0.71 kB[22m
[90m│[39m  [43mVite[49m
[90m│[39m  [2mC:/Users/stephen/AppData/Local/Temp/chromatic--13912-aGGcrZGdfo0P/[22m[36massets/Input.stories-Duq0E_4n.js[39m[1m[2m[22m
[90m│[39m  [2m1.72 kB[22m[1m[22m[2m │ gzip:   0.72 kB[22m
[90m│[39m  [43mVite[49m
[90m│[39m  [2mC:/Users/stephen/AppData/Local/Temp/chromatic--13912-aGGcrZGdfo0P/[22m[36massets/Task.stories-BA31bKGZ.js[39m[1m[2m[22m
[90m│[39m  [2m5.78 kB[22m[1m[22m[2m │ gzip:   1.88 kB[22m
[90m│[39m  [43mVite[49m
[90m│[39m  [2mC:/Users/stephen/AppData/Local/Temp/chromatic--13912-aGGcrZGdfo0P/[22m[36massets/Button.stories-DAUBhRx2.js[39m[1m[2m[22m
[90m│[39m  [2m10.58 kB[22m[1m[22m[2m │ gzip:   3.91 kB[22m
[90m│[39m  [43mVite[49m
[90m│[39m  [2mC:/Users/stephen/AppData/Local/Temp/chromatic--13912-aGGcrZGdfo0P/[22m[36mvite-inject-mocker-entry.js[39m[1m[2m[22m
[90m│[39m  [2m28.30 kB[22m[1m[22m[2m │ gzip:   9.84 kB[22m
[90m│[39m  [43mVite[49m
[90m│[39m  [2mC:/Users/stephen/AppData/Local/Temp/chromatic--13912-aGGcrZGdfo0P/[22m[36massets/matchers-DMFSMG2O-HJu_DfWo.js[39m[1m[2m[22m
[90m│[39m  [2m29.23 kB[22m[1m[22m[2m │ gzip:  10.06 kB[22m
[90m│[39m  [43mVite[49m
[90m│[39m  [2mC:/Users/stephen/AppData/Local/Temp/chromatic--13912-aGGcrZGdfo0P/[22m[36massets/Color-ASIRERSW-Co7EZy00.js[39m[1m[2m[22m
[90m│[39m  [2m29.96 kB[22m[1m[22m[2m │ gzip:  11.38 kB[22m
[90m│[39m  [43mVite[49m
[90m│[39m  [2mC:/Users/stephen/AppData/Local/Temp/chromatic--13912-aGGcrZGdfo0P/[22m[36massets/WithTooltip-IO6J4KBT-BOnSqM9w.js[39m[1m[2m[22m
[90m│[39m  [2m33.10 kB[22m[1m[22m[2m │ gzip:  11.67 kB[22m
[90m│[39m  [43mVite[49m
[90m│[39m  [2mC:/Users/stephen/AppData/Local/Temp/chromatic--13912-aGGcrZGdfo0P/[22m[36massets/syntaxhighlighter-IQDEPFLK-ChnKoUtU.js[39m[1m[2m[22m
[90m│[39m  [2m77.95 kB[22m[1m[22m[2m │ gzip:  27.35 kB[22m
[90m│[39m  [43mVite[49m
[90m│[39m  [2mC:/Users/stephen/AppData/Local/Temp/chromatic--13912-aGGcrZGdfo0P/[22m[36massets/react-18-BAKiPvPT.js[39m[1m[2m[22m
[90m│[39m  [2m185.01 kB[22m[1m[22m[2m │ gzip:  58.03 kB[22m
[90m│[39m  [43mVite[49m
[90m│[39m  [2mC:/Users/stephen/AppData/Local/Temp/chromatic--13912-aGGcrZGdfo0P/[22m[36massets/axe-CcbQCiEn.js[39m[1m[33m[39m
[90m│[39m  [33m578.28 kB[39m[22m[2m │ gzip: 159.21 kB[22m
[90m│[39m  [43mVite[49m
[90m│[39m  [2mC:/Users/stephen/AppData/Local/Temp/chromatic--13912-aGGcrZGdfo0P/[22m[36massets/index-Cd-_0orj.js[39m[1m[33m[39m
[90m│[39m  [33m659.00 kB[39m[22m[2m │ gzip: 156.52 kB[22m
[90m│[39m  [43mVite[49m
[90m│[39m  [2mC:/Users/stephen/AppData/Local/Temp/chromatic--13912-aGGcrZGdfo0P/[22m[36massets/DocsRenderer-GHJI37HO-B62b4D_b.js[39m[1m[33m[39m
[90m│[39m  [33m802.44 kB[39m[22m[2m │ gzip: 256.88 kB[22m
[90m│[39m  [43mVite[49m
[90m│[39m  [2mC:/Users/stephen/AppData/Local/Temp/chromatic--13912-aGGcrZGdfo0P/[22m[36massets/iframe-CY7Uye-_.js[39m
[90m│[39m  [36m[39m[1m[33m1,084.47 kB[39m[22m[2m │ gzip: 308.78 kB[22m
[90m│[39m
[33m▲[39m  [43mVite[49m[33m
[90m│[39m  (!) Some chunks are larger than 500 kB after minification. Consider:
[90m│[39m  - Using dynamic import() to code-split the application
[90m│[39m  - Use build.rollupOptions.output.manualChunks to improve chunking:
[90m│[39m  ]8;;https://rollupjs.org/configuration-options/#output-manualchunkshttps://rollupjs.org/configuration-options/#output-manualchunks]8;;
[90m│[39m  - Adjust chunk size limit for this warning via
[90m│[39m  build.chunkSizeWarningLimit.[39m
[90m│[39m  [43mVite[49m [32m✓ built in 5.38s[39m
[90m│[39m
[32m◇[39m  Output directory:
[90m│[39m  C:/Users/stephen/AppData/Local/Temp/chromatic--13912-aGGcrZGdfo0P
[90m│[39m
[90m└[39m  Storybook build completed successfully

